問1
問2
問3
正解
問4
正解
問5
正解
問6
問7
正解
問8
正解
問9
問10
問11
問12
正解
問13
問14
問15
正解
問16
正解
問17
問18
問19
正解
問20
正解
問21
問22
正解
問23
正解
問24
問25
問26
正解
問27
正解
問28
問29
問30
問31
問32
正解
問33
問34
正解
問35
正解
問36
問37
正解
問38
正解
問39
正解
問40
問41
問42
正解
問43
問44
正解
問45
問46
問47
正解
問48
問49
正解
問50
問51
正解
問52
正解
問53
問54
正解
問55
問56
正解
問57
問58
問59
問60
正解
問61
問62
正解
問63
正解
問64
問65
問66
問67
問68
正解
問69
問70
正解
問71
問72
問73
正解
問74
問75
正解
問76
問77
問78
正解
問79
正解
問80
問81
正解
問82
正解
問83
問84
問85
正解
問86
問87
正解
問88
正解
問89
正解
問90
正解
問91
問92
問93
正解
問94
正解
問95
問96
問97
問98
正解
問99
正解
問100
問101
正解
問102
正解
問103
正解
問104
問105
問106
問107
問108
正解
問109
問110
問111
正解
問112
正解
問113
正解
問114
問115
問116
問117
問118
正解
問119
正解
問120
正解
問121
問122
問123
問124
正解
問125
問126
問127
問128
正解
問129
問130
問131
問132
正解
問133
問134
問135
正解
問136
問137
問138
問139
問140
正解
問141
問142
問143
正解
問144
問145
正解
問146
問147
問148
問149
問150
問151
正解
問152
問153
問154
問155
問156
問157
問158
問159
問160
問161
問162
問163
問164
問165
問166
問167
問168
問169
問170
問171
問172
問173
問174
問175
問176
問177
問178
問179
問180
問181
問182
問183
問184
問185
問186
問187
問188
問189
問190
問191
問192
問193
問194
問195
問196
正解
問197
正解
問198
問199
問200
問201
問202
問203
問204
問205
問206
正解
問207
問208
問209
問210
問211
問212
問213
問214
問215
問216
問217
正解
問218
問219
問220
問221
問222
問223
問224
問225
問226
問227
問228
問229
問230
問231
問232
問233
問234
問235
問236
問237
問238
問239
問240
問241
問242
問243
正解
問244
問245
問246
問247
問248
正解
問249
問250
問251
問252
問253
問254
問255
問256
問257
問258
問259
問260
問261
問262
問263
問264
問265
問266
問267
問268
問269
問270
問271
問272
問273
問274
問275
問276
問277
問278
正解
問279
問280
問281
問282
問283
問284
問285
問286
問287
正解
問288
問289
問290
問291
問292
問293
問294
問295
問296
問297
問298
問299
問300
問301
問302
問303
問304
問305
問306
問307
問308
問309
正解
問310
正解
問311
問312
問313
正解
問314
問315
問316
問317
問318
問319
問320
問321
問322
問323
問324
問325
問326
正解
問327
問328
問329
問330
問331
問332
正解
問333
問334
問335
問336
問337
問338
問339
問340
問341
問342
問343
問344
問345
問346
問347
問348
問349
問350
正解
問351
問352
問353
問354
問355
問356
問357
問358
正解
問359
問360
問361
問362
問363
問364
問365
問366
問367
問368
正解
問369
問370
問371
問372
問373
問374
問375
問376
問377
正解
問378
問379
正解
問380
問381
問382
問383
問384
問385
問386
問387
問388
正解
問389
問390
問391
問392
問393
問394
問395
問396
問397
問398
問399
問400
問401
問402
問403
問404
正解
問405
問406
問407
問408
問409
正解
問410
問411
問412
問413
問414
問415
問416
問417
問418
問419
問420
問421
問422
問423
問424
問425
問426
問427
問428
正解
問429
問430
問431
問432
問433
問434
問435
正解
問436
問437
問438
問439
問440
問441
問442
問443
問444
問445
正解
問446
問447
問448
問449
問450
問451
問452
問453
問454
正解
問455
問456
問457
問458
問459
問460
問461
問462
問463
問464
問465
問466
問467
問468
問469
問470
問471
問472
問473
問474
問475
問476
問477
問478
問479
問480
問481
問482
問483
問484
問485
問486
問487
問488
問489
問490
問491
問492
問493
問494
問495
問496
問497
問498
問499
正解
問500
正解
問501
問502
問503
問504
問505
問506
問507
問508
問509
問510
問511
問512
正解
問513
問514
問515
問516
問517
問518
問519
問520
問521
正解
問522
問523
問524
問525
問526
問527
問528
問529
問530
問531
問532
正解
問533
問534
問535
問536
問537
問538
問539
問540
問541
正解
問542
問543
問544
問545
問546
問547
問548
問549
正解
問550
問551
問552
問553
問554
問555
問556
問557
問558
正解
問559
問560
問561
問562
問563
問564
問565
問566
問567
問568
問569
問570
問571
問572
問573
問574
問575
問576
問577
問578
問579
問580
問581
問582
問583
問584
問585
問586
問587
問588
問589
問590
問591
問592
問593
問594
問595
問596
問597
問598
問599
問600
問601
問602
問603
問604
問605
問606
正解
問607
問608
問609
問610
問611
問612
問613
問614
問615
問616
問617
問618
問619
問620
問621
問622
正解
問623
正解
問624
問625
問626
問627
問628
問629
問630
問631
問632
問633
問634
問635
問636
問637
問638
問639
問640
問641
問642
問643
問644
問645
正解
問646
問647
問648
問649
問650
問651
問652
問653
問654
問655
問656
問657
問658
問659
問660
問661
問662
正解
問663
問664
問665
問666
問667
問668
問669
問670
問671
問672
問673
問674
問675
問676
問677
問678
問679
問680
正解
問681
問682
正解
問683
問684
問685
問686
正解
問687
問688
問689
問690
問691
問692
問693
問694
問695
問696
問697
問698
問699
問700
問701
問702
問703
問704
問705
問706
問707
問708
問709
問710
問711
問712
問713
問714
問715
問716
問717
問718
問719
問720
問721
問722
問723
問724
問725
問726
問727
問728
問729
問730
問731
問732
問733
問734
問735
問736
問737
問738
問739
正解
問740
問741
問742
問743
問744
問745
問746
正解
問747
正解
問748
問749
問750
問751
正解
問752
問753
問754
問755
問756
正解
問757
問758
問759
正解
問760
問761
問762
問763
問764
問765
問766
問767
問768
問769
問770
問771
問772
問773
問774
問775
問776
問777
問778
問779
問780
問781
問782
問783
問784
問785
問786
問787
問788
問789
問790
問791
問792
問793
問794
問795
問796
問797
問798
問799
問800
問801
正解
問802
問803
問804
問805
問806
問807
問808
問809
問810
問811
問812
問813
問814
問815
問816
問817
問818
問819
問820
問821
問822
正解
問823
問824
問825
問826
問827
問828
問829
問830
問831
問832
問833
問834
問835
問836
問837
問838
問839
問840
問841
正解
問842
問843
問844
問845
問846
問847
問848
問849
問850
問851
正解
問852
正解
問853
問854
問855
問856
問857
問858
問859
問860
問861
問862
問863
問864
問865
問866
問867
問868
問869
問870
問871
問872
問873
問874
問875
問876
問877
問878
問879
問880
問881
問882
問883
問884
正解
問885
正解
問886
問887
問888
問889
問890
正解
問891
問892
問893
正解
問894
問895
問896
問897
問898
問899
問900
問901
正解
問902
問903
問904
問905
問906
問907
問908
問909
問910
問911
問912
問913
問914
問915
正解
問916
問917
問918
問919
正解
問920
問921
問922
問923
問924
問925
問926
問927
問928
問929
問930
問931
正解
問932
問933
問934
問935
問936
問937
問938
問939
問940
問941
問942
正解
問943
問944
問945
問946
問947
問948
問949
正解
問950
問951
問952
正解
問953
問954
正解
問955
問956
問957
問958
問959
問960
問961
問962
問963
問964
問965
問966
問967
問968
問969
問970
問971
問972
問973
問974
問975
問976
問977
問978
正解
問979
問980
問981
問982
問983
問984
問985
問986
問987
問988
問989
問990
問991
正解
問992
問993
問994
正解
問995
問996
問997
問998
正解
問999
問1000
問1001
問1002
問1003
問1004
正解
問1005
問1006
正解
問1007
問1008
問1009
問1010
問1011
問1012
正解
問1013
問1014
問1015
問1016
問1017
問1018
正解
問1019
問1020
問1021
問1022
問1023
問1024
問1025
問1026
問1027
問1028
問1029
問1030
問1031
問1032
問1033
問1034
問1035
問1036
問1037
問1038
問1039
問1040
問1041
問1042
問1043
問1044
問1045
問1046
問1047
正解
問1048
問1049
問1050
問1051
問1052
問1053
正解
問1054
問1055
問1056
問1057
問1058
問1059
問1060
問1061
問1062
問1063
問1064
問1065
問1066
問1067
問1068
問1069
正解
問1070
問1071
問1072
問1073
問1074
正解
問1075
問1076
問1077
問1078
問1079
問1080
問1081
問1082
問1083
問1084
問1085
問1086
問1087
正解
問1088
問1089
問1090
問1091
正解
問1092
問1093
問1094
問1095
正解
問1096
問1097
問1098
問1099
問1100
問1101
問1102
問1103
問1104
正解
問1105
問1106
問1107
問1108
問1109
問1110
問1111
問1112
問1113
正解
問1114
問1115
問1116
正解
問1117
正解
問1118
問1119
問1120
問1121
問1122
問1123
問1124
正解
問1125
問1126
問1127
問1128
問1129
問1130
問1131
問1132
問1133
問1134
問1135
問1136
問1137
正解
問1138
問1139
問1140
問1141
問1142
問1143
問1144
問1145
問1146
問1147
正解
問1148
問1149
問1150
問1151
問1152
問1153
問1154
問1155
問1156
問1157
問1158
問1159
正解
問1160
問1161
問1162
問1163
問1164
問1165
問1166
問1167
問1168
問1169
問1170
問1171
問1172
問1173
問1174
問1175
問1176
問1177
問1178
問1179
問1180
正解
問1181
問1182
正解
問1183
問1184
問1185
問1186
問1187
正解
問1188
問1189
正解
問1190
問1191
問1192
問1193
問1194
問1195
問1196
問1197
問1198
問1199
正解
問1200
問1201
問1202
正解
問1203
正解
問1204
問1205
問1206
問1207
問1208
問1209
問1210
問1211
問1212
問1213
問1214
問1215
問1216
問1217
問1218
問1219
問1220
問1221
問1222
問1223
問1224
問1225
問1226
問1227
問1228
問1229
問1230
問1231
問1232
問1233
問1234
問1235
問1236
問1237
問1238
問1239
問1240
問1241
問1242
問1243
問1244
問1245
問1246
問1247
問1248
問1249
問1250
問1251
問1252
問1253
問1254
問1255
問1256
問1257
問1258
問1259
問1260
問1261
問1262
問1263
正解
問1264
問1265
問1266
問1267
正解
問1268
問1269
正解
問1270
問1271
問1272
正解
問1273
問1274
81=GAB0294657DME=CJKLFNI
URDLDRDRURDLLURRDRRUULULDRRDDLLUUURRDLURDDD
12=G567894BCDEFA=IJKLMN0
12=456789ABCDEFG=IJKLMN0
不正解
問1275
問1276
問1277
問1278
問1279
問1280
問1281
問1282
問1283
問1284
問1285
問1286
問1287
問1288
問1289
問1290
問1291
問1292
問1293
問1294
問1295
問1296
問1297
問1298
問1299
問1300
正解
問1301
問1302
問1303
問1304
問1305
問1306
問1307
問1308
問1309
問1310
問1311
問1312
問1313
問1314
問1315
問1316
問1317
問1318
問1319
問1320
問1321
問1322
問1323
問1324
問1325
問1326
問1327
問1328
問1329
問1330
問1331
問1332
問1333
問1334
問1335
問1336
問1337
問1338
問1339
問1340
正解
問1341
問1342
問1343
問1344
問1345
問1346
問1347
問1348
問1349
正解
問1350
問1351
問1352
問1353
問1354
問1355
問1356
問1357
問1358
問1359
問1360
問1361
問1362
問1363
問1364
問1365
問1366
問1367
問1368
問1369
問1370
問1371
正解
問1372
問1373
問1374
問1375
問1376
問1377
問1378
問1379
問1380
問1381
問1382
問1383
問1384
問1385
問1386
問1387
問1388
問1389
問1390
問1391
問1392
正解
問1393
問1394
問1395
問1396
問1397
問1398
正解
問1399
問1400
問1401
問1402
問1403
問1404
問1405
問1406
問1407
問1408
問1409
問1410
問1411
問1412
問1413
問1414
問1415
問1416
問1417
問1418
問1419
問1420
正解
問1421
問1422
問1423
問1424
問1425
問1426
問1427
問1428
問1429
問1430
問1431
問1432
問1433
問1434
正解
問1435
問1436
問1437
問1438
問1439
問1440
問1441
問1442
問1443
問1444
問1445
正解
問1446
問1447
問1448
問1449
問1450
問1451
問1452
問1453
問1454
問1455
問1456
正解
問1457
問1458
正解
問1459
問1460
問1461
問1462
問1463
問1464
問1465
問1466
問1467
問1468
問1469
問1470
問1471
問1472
問1473
問1474
正解
問1475
問1476
問1477
問1478
問1479
問1480
問1481
問1482
問1483
正解
問1484
問1485
問1486
問1487
問1488
問1489
問1490
問1491
問1492
問1493
正解
問1494
問1495
問1496
問1497
問1498
問1499
問1500
問1501
問1502
問1503
問1504
問1505
問1506
問1507
問1508
問1509
問1510
問1511
問1512
問1513
問1514
問1515
問1516
問1517
問1518
問1519
問1520
問1521
問1522
問1523
問1524
問1525
問1526
問1527
問1528
問1529
問1530
問1531
問1532
問1533
問1534
問1535
問1536
問1537
問1538
問1539
問1540
問1541
問1542
問1543
問1544
問1545
正解
問1546
問1547
問1548
問1549
問1550
問1551
正解
問1552
問1553
問1554
正解
問1555
正解
問1556
問1557
問1558
問1559
問1560
問1561
問1562
問1563
問1564
問1565
問1566
問1567
問1568
問1569
問1570
問1571
問1572
問1573
問1574
問1575
問1576
問1577
問1578
問1579
問1580
問1581
問1582
問1583
問1584
問1585
問1586
問1587
問1588
問1589
問1590
問1591
問1592
正解
問1593
問1594
問1595
問1596
問1597
問1598
問1599
問1600
問1601
問1602
問1603
問1604
問1605
問1606
問1607
正解
問1608
問1609
問1610
問1611
問1612
問1613
問1614
問1615
問1616
問1617
問1618
問1619
問1620
問1621
問1622
問1623
問1624
問1625
問1626
問1627
問1628
正解
問1629
問1630
問1631
問1632
正解
問1633
問1634
問1635
問1636
問1637
問1638
問1639
問1640
問1641
問1642
問1643
問1644
問1645
問1646
問1647
問1648
問1649
問1650
問1651
問1652
問1653
問1654
問1655
問1656
問1657
問1658
問1659
問1660
問1661
正解
問1662
問1663
問1664
問1665
問1666
問1667
問1668
問1669
問1670
問1671
問1672
問1673
問1674
問1675
問1676
問1677
問1678
問1679
問1680
問1681
正解
問1682
問1683
問1684
問1685
問1686
問1687
問1688
問1689
問1690
正解
問1691
問1692
問1693
正解
問1694
問1695
問1696
問1697
問1698
問1699
正解
問1700
問1701
問1702
問1703
問1704
問1705
問1706
問1707
問1708
問1709
問1710
問1711
問1712
正解
問1713
問1714
問1715
問1716
問1717
問1718
問1719
問1720
問1721
問1722
問1723
問1724
問1725
問1726
問1727
問1728
問1729
問1730
問1731
問1732
正解
問1733
問1734
問1735
問1736
問1737
正解
問1738
問1739
問1740
問1741
問1742
問1743
問1744
問1745
問1746
問1747
問1748
問1749
問1750
問1751
問1752
問1753
問1754
問1755
問1756
正解
問1757
問1758
問1759
問1760
問1761
問1762
問1763
正解
問1764
正解
問1765
問1766
問1767
問1768
問1769
問1770
問1771
問1772
正解
問1773
問1774
正解
問1775
問1776
問1777
問1778
問1779
問1780
問1781
問1782
問1783
正解
問1784
問1785
問1786
正解
問1787
問1788
問1789
問1790
正解
問1791
問1792
問1793
問1794
問1795
問1796
問1797
問1798
問1799
問1800
問1801
問1802
問1803
問1804
問1805
問1806
正解
問1807
問1808
正解
問1809
問1810
問1811
問1812
問1813
正解
問1814
問1815
問1816
問1817
正解
問1818
問1819
問1820
問1821
問1822
問1823
問1824
問1825
正解
問1826
問1827
問1828
問1829
問1830
問1831
問1832
問1833
問1834
問1835
問1836
問1837
問1838
問1839
問1840
問1841
正解
問1842
問1843
問1844
問1845
問1846
問1847
問1848
問1849
正解
問1850
問1851
問1852
問1853
正解
問1854
問1855
問1856
問1857
問1858
問1859
問1860
問1861
問1862
問1863
問1864
問1865
問1866
問1867
問1868
問1869
問1870
問1871
問1872
問1873
問1874
問1875
問1876
問1877
問1878
正解
問1879
問1880
問1881
問1882
問1883
問1884
問1885
正解
問1886
問1887
正解
問1888
問1889
問1890
問1891
問1892
問1893
問1894
問1895
問1896
問1897
問1898
正解
問1899
問1900
問1901
問1902
問1903
問1904
問1905
問1906
問1907
問1908
問1909
問1910
問1911
問1912
問1913
問1914
正解
問1915
問1916
問1917
問1918
正解
問1919
問1920
問1921
問1922
問1923
問1924
問1925
問1926
問1927
問1928
問1929
正解
問1930
問1931
問1932
問1933
問1934
問1935
問1936
問1937
問1938
問1939
問1940
正解
問1941
問1942
問1943
問1944
問1945
問1946
問1947
問1948
正解
問1949
問1950
問1951
問1952
問1953
正解
問1954
問1955
問1956
問1957
問1958
問1959
問1960
正解
問1961
問1962
問1963
問1964
問1965
正解
問1966
問1967
問1968
問1969
問1970
問1971
問1972
問1973
問1974
問1975
問1976
問1977
問1978
問1979
問1980
問1981
問1982
問1983
問1984
問1985
問1986
問1987
問1988
問1989
問1990
問1991
問1992
問1993
問1994
問1995
問1996
問1997
問1998
正解
問1999
問2000
問2001
問2002
問2003
問2004
問2005
問2006
問2007
問2008
問2009
問2010
正解
問2011
問2012
問2013
問2014
問2015
問2016
問2017
問2018
問2019
問2020
問2021
問2022
問2023
問2024
問2025
問2026
問2027
問2028
問2029
問2030
問2031
問2032
正解
問2033
問2034
問2035
問2036
問2037
問2038
問2039
問2040
問2041
問2042
正解
問2043
問2044
問2045
問2046
問2047
正解
問2048
問2049
問2050
問2051
問2052
問2053
問2054
問2055
問2056
問2057
問2058
問2059
問2060
問2061
問2062
問2063
問2064
問2065
問2066
問2067
問2068
問2069
問2070
問2071
問2072
問2073
問2074
問2075
正解
問2076
問2077
問2078
問2079
問2080
問2081
問2082
問2083
問2084
問2085
問2086
問2087
問2088
正解
問2089
問2090
問2091
問2092
問2093
問2094
問2095
問2096
問2097
問2098
問2099
問2100
問2101
問2102
問2103
問2104
問2105
問2106
正解
問2107
問2108
問2109
問2110
問2111
問2112
問2113
問2114
問2115
問2116
問2117
問2118
問2119
問2120
正解
問2121
問2122
問2123
問2124
問2125
問2126
正解
問2127
問2128
問2129
問2130
問2131
問2132
問2133
問2134
問2135
問2136
問2137
問2138
問2139
問2140
問2141
問2142
問2143
問2144
正解
問2145
正解
問2146
問2147
問2148
問2149
問2150
問2151
問2152
問2153
問2154
問2155
問2156
問2157
正解
問2158
問2159
問2160
問2161
問2162
問2163
問2164
問2165
問2166
問2167
正解
問2168
正解
問2169
問2170
問2171
問2172
問2173
問2174
問2175
問2176
問2177
問2178
問2179
問2180
問2181
問2182
問2183
問2184
問2185
問2186
問2187
正解
問2188
問2189
問2190
問2191
問2192
問2193
正解
問2194
問2195
問2196
問2197
問2198
問2199
正解
問2200
問2201
問2202
問2203
問2204
問2205
問2206
問2207
問2208
問2209
問2210
問2211
問2212
問2213
問2214
問2215
問2216
問2217
問2218
正解
問2219
問2220
問2221
問2222
問2223
問2224
正解
問2225
問2226
問2227
問2228
問2229
問2230
問2231
問2232
問2233
問2234
問2235
問2236
問2237
問2238
問2239
問2240
問2241
問2242
問2243
問2244
問2245
問2246
問2247
問2248
問2249
問2250
問2251
問2252
問2253
問2254
問2255
問2256
問2257
問2258
問2259
問2260
問2261
問2262
問2263
問2264
問2265
問2266
問2267
問2268
問2269
問2270
問2271
問2272
問2273
問2274
問2275
問2276
問2277
問2278
問2279
問2280
問2281
問2282
問2283
問2284
問2285
問2286
問2287
問2288
問2289
問2290
問2291
問2292
問2293
問2294
問2295
問2296
問2297
問2298
問2299
問2300
問2301
問2302
問2303
問2304
問2305
問2306
問2307
問2308
問2309
問2310
問2311
問2312
問2313
問2314
問2315
問2316
問2317
問2318
問2319
問2320
問2321
問2322
問2323
問2324
問2325
問2326
問2327
問2328
問2329
問2330
問2331
問2332
問2333
問2334
問2335
問2336
問2337
問2338
問2339
問2340
問2341
問2342
問2343
問2344
問2345
問2346
問2347
問2348
問2349
問2350
問2351
正解
問2352
問2353
問2354
問2355
問2356
問2357
問2358
問2359
問2360
問2361
問2362
問2363
問2364
正解
問2365
問2366
問2367
問2368
問2369
問2370
問2371
問2372
正解
問2373
問2374
問2375
正解
問2376
問2377
問2378
問2379
問2380
問2381
問2382
正解
問2383
問2384
問2385
問2386
問2387
正解
問2388
問2389
正解
問2390
問2391
問2392
問2393
問2394
問2395
問2396
問2397
正解
問2398
問2399
問2400
問2401
問2402
問2403
問2404
問2405
問2406
問2407
問2408
問2409
問2410
問2411
問2412
正解
問2413
問2414
問2415
問2416
問2417
問2418
正解
問2419
問2420
問2421
問2422
問2423
問2424
問2425
問2426
問2427
問2428
問2429
問2430
問2431
問2432
問2433
問2434
問2435
問2436
問2437
問2438
正解
問2439
問2440
問2441
問2442
正解
問2443
問2444
問2445
問2446
問2447
問2448
問2449
問2450
問2451
問2452
問2453
問2454
問2455
問2456
問2457
問2458
問2459
問2460
問2461
問2462
問2463
問2464
問2465
問2466
問2467
問2468
正解
問2469
問2470
問2471
問2472
問2473
問2474
正解
問2475
問2476
問2477
問2478
問2479
問2480
問2481
問2482
問2483
問2484
問2485
問2486
問2487
問2488
正解
問2489
問2490
問2491
問2492
正解
問2493
問2494
問2495
問2496
問2497
問2498
問2499
問2500
問2501
問2502
問2503
問2504
問2505
問2506
問2507
問2508
問2509
問2510
問2511
問2512
問2513
問2514
問2515
正解
問2516
問2517
問2518
問2519
問2520
問2521
問2522
問2523
問2524
問2525
問2526
正解
問2527
問2528
問2529
問2530
問2531
問2532
問2533
問2534
問2535
正解
問2536
正解
問2537
問2538
問2539
問2540
問2541
問2542
問2543
問2544
問2545
問2546
正解
問2547
問2548
問2549
問2550
問2551
問2552
問2553
問2554
問2555
問2556
問2557
問2558
問2559
問2560
問2561
問2562
問2563
問2564
正解
問2565
問2566
問2567
問2568
問2569
問2570
問2571
問2572
問2573
問2574
問2575
問2576
問2577
問2578
問2579
問2580
問2581
問2582
問2583
問2584
問2585
問2586
問2587
問2588
問2589
問2590
問2591
問2592
問2593
問2594
問2595
正解
問2596
問2597
問2598
問2599
問2600
問2601
問2602
問2603
問2604
問2605
問2606
正解
問2607
問2608
問2609
問2610
問2611
問2612
問2613
問2614
正解
問2615
問2616
問2617
問2618
問2619
正解
問2620
正解
問2621
問2622
正解
問2623
問2624
問2625
問2626
問2627
問2628
正解
問2629
問2630
問2631
問2632
問2633
問2634
問2635
問2636
問2637
問2638
問2639
問2640
問2641
問2642
問2643
問2644
問2645
問2646
問2647
問2648
問2649
問2650
問2651
問2652
問2653
問2654
問2655
問2656
問2657
問2658
正解
問2659
問2660
問2661
問2662
問2663
問2664
問2665
問2666
問2667
問2668
問2669
問2670
問2671
問2672
正解
問2673
問2674
問2675
問2676
正解
問2677
問2678
問2679
問2680
問2681
問2682
問2683
問2684
問2685
問2686
問2687
問2688
問2689
問2690
問2691
問2692
問2693
問2694
問2695
問2696
正解
問2697
正解
問2698
問2699
問2700
問2701
問2702
問2703
問2704
問2705
問2706
問2707
問2708
問2709
問2710
問2711
問2712
問2713
問2714
正解
問2715
問2716
問2717
問2718
問2719
問2720
問2721
問2722
問2723
問2724
問2725
問2726
問2727
問2728
問2729
問2730
問2731
問2732
問2733
問2734
問2735
問2736
問2737
問2738
問2739
正解
問2740
問2741
問2742
問2743
問2744
問2745
問2746
問2747
問2748
問2749
問2750
問2751
問2752
正解
問2753
問2754
問2755
問2756
問2757
問2758
問2759
正解
問2760
問2761
正解
問2762
問2763
問2764
問2765
問2766
問2767
問2768
問2769
問2770
問2771
問2772
問2773
問2774
問2775
問2776
問2777
問2778
問2779
問2780
問2781
問2782
正解
問2783
問2784
問2785
問2786
正解
問2787
問2788
問2789
問2790
問2791
問2792
問2793
問2794
問2795
問2796
問2797
問2798
問2799
問2800
正解
問2801
問2802
問2803
問2804
問2805
問2806
問2807
正解
問2808
問2809
問2810
問2811
問2812
問2813
問2814
問2815
問2816
問2817
問2818
問2819
問2820
問2821
問2822
問2823
問2824
問2825
問2826
問2827
問2828
問2829
問2830
問2831
問2832
問2833
問2834
問2835
問2836
問2837
問2838
問2839
問2840
問2841
問2842
問2843
問2844
問2845
問2846
問2847
問2848
問2849
問2850
問2851
問2852
問2853
問2854
問2855
正解
問2856
問2857
問2858
問2859
問2860
問2861
問2862
問2863
正解
問2864
問2865
問2866
問2867
正解
問2868
問2869
正解
問2870
問2871
問2872
問2873
問2874
問2875
問2876
問2877
正解
問2878
問2879
問2880
問2881
問2882
問2883
正解
問2884
問2885
問2886
問2887
問2888
問2889
問2890
問2891
問2892
問2893
問2894
問2895
問2896
問2897
問2898
問2899
問2900
問2901
問2902
正解
問2903
問2904
問2905
問2906
問2907
正解
問2908
問2909
問2910
問2911
問2912
問2913
問2914
問2915
問2916
問2917
問2918
問2919
問2920
問2921
問2922
問2923
問2924
正解
問2925
問2926
正解
問2927
問2928
問2929
問2930
問2931
問2932
問2933
問2934
問2935
問2936
問2937
問2938
問2939
問2940
問2941
問2942
正解
問2943
正解
問2944
問2945
問2946
問2947
問2948
問2949
問2950
問2951
問2952
問2953
問2954
問2955
問2956
問2957
問2958
問2959
問2960
問2961
問2962
問2963
問2964
問2965
問2966
問2967
問2968
問2969
問2970
問2971
問2972
問2973
問2974
問2975
問2976
問2977
問2978
問2979
問2980
問2981
問2982
問2983
問2984
問2985
問2986
問2987
問2988
問2989
問2990
問2991
問2992
問2993
問2994
問2995
問2996
問2997
問2998
正解
問2999
問3000
問3001
問3002
問3003
問3004
問3005
問3006
問3007
問3008
問3009
問3010
問3011
問3012
問3013
問3014
問3015
問3016
問3017
問3018
問3019
問3020
問3021
問3022
問3023
問3024
問3025
問3026
問3027
問3028
問3029
問3030
問3031
問3032
問3033
問3034
問3035
問3036
問3037
問3038
問3039
問3040
問3041
問3042
問3043
問3044
問3045
問3046
問3047
正解
問3048
問3049
問3050
問3051
問3052
問3053
問3054
問3055
問3056
問3057
問3058
問3059
問3060
問3061
問3062
問3063
問3064
問3065
問3066
問3067
問3068
問3069
問3070
問3071
問3072
正解
問3073
問3074
問3075
問3076
問3077
正解
問3078
問3079
問3080
問3081
問3082
問3083
問3084
問3085
問3086
問3087
問3088
問3089
問3090
問3091
問3092
問3093
問3094
問3095
問3096
問3097
問3098
問3099
問3100
問3101
問3102
問3103
問3104
問3105
問3106
問3107
問3108
問3109
問3110
問3111
問3112
問3113
問3114
問3115
問3116
問3117
問3118
問3119
正解
問3120
問3121
問3122
問3123
問3124
問3125
問3126
問3127
問3128
問3129
問3130
問3131
問3132
問3133
問3134
問3135
問3136
問3137
問3138
問3139
問3140
問3141
問3142
問3143
問3144
問3145
問3146
問3147
正解
問3148
問3149
問3150
問3151
正解
問3152
問3153
問3154
問3155
問3156
問3157
問3158
問3159
問3160
問3161
問3162
問3163
問3164
問3165
問3166
問3167
正解
問3168
問3169
問3170
問3171
問3172
正解
問3173
正解
問3174
正解
問3175
問3176
問3177
問3178
問3179
問3180
問3181
問3182
問3183
問3184
正解
問3185
問3186
問3187
問3188
問3189
問3190
問3191
問3192
問3193
問3194
問3195
問3196
問3197
問3198
問3199
正解
問3200
問3201
問3202
問3203
問3204
問3205
問3206
問3207
問3208
問3209
問3210
問3211
問3212
問3213
問3214
問3215
問3216
問3217
問3218
問3219
正解
問3220
問3221
問3222
問3223
正解
問3224
問3225
問3226
問3227
問3228
問3229
問3230
問3231
問3232
問3233
問3234
問3235
問3236
問3237
問3238
問3239
問3240
問3241
問3242
問3243
問3244
問3245
問3246
問3247
問3248
問3249
問3250
問3251
問3252
問3253
問3254
問3255
問3256
問3257
問3258
問3259
問3260
問3261
問3262
問3263
問3264
問3265
問3266
問3267
問3268
問3269
問3270
問3271
問3272
問3273
問3274
問3275
問3276
問3277
問3278
問3279
問3280
問3281
問3282
正解
問3283
問3284
問3285
問3286
問3287
問3288
問3289
問3290
問3291
問3292
問3293
正解
問3294
問3295
問3296
問3297
問3298
問3299
問3300
問3301
問3302
問3303
問3304
問3305
問3306
問3307
問3308
問3309
問3310
問3311
問3312
問3313
問3314
問3315
問3316
問3317
問3318
問3319
問3320
問3321
問3322
問3323
問3324
問3325
問3326
問3327
問3328
問3329
問3330
問3331
問3332
問3333
問3334
問3335
問3336
正解
問3337
問3338
問3339
問3340
問3341
問3342
問3343
問3344
問3345
正解
問3346
問3347
問3348
問3349
問3350
問3351
問3352
問3353
問3354
問3355
問3356
問3357
正解
問3358
正解
問3359
問3360
問3361
問3362
正解
問3363
問3364
問3365
問3366
問3367
問3368
問3369
正解
問3370
問3371
問3372
問3373
問3374
問3375
問3376
問3377
問3378
問3379
問3380
問3381
問3382
問3383
問3384
問3385
問3386
問3387
問3388
問3389
問3390
問3391
問3392
問3393
問3394
問3395
問3396
問3397
問3398
問3399
問3400
問3401
問3402
問3403
問3404
問3405
問3406
問3407
問3408
問3409
問3410
問3411
問3412
正解
問3413
問3414
問3415
問3416
問3417
問3418
問3419
問3420
問3421
問3422
正解
問3423
問3424
問3425
問3426
問3427
問3428
問3429
問3430
問3431
問3432
正解
問3433
問3434
問3435
問3436
問3437
問3438
問3439
問3440
問3441
問3442
正解
問3443
問3444
問3445
問3446
問3447
問3448
問3449
問3450
問3451
問3452
問3453
問3454
正解
問3455
問3456
正解
問3457
問3458
問3459
問3460
問3461
問3462
問3463
問3464
問3465
問3466
問3467
問3468
問3469
問3470
問3471
問3472
問3473
正解
問3474
問3475
問3476
問3477
問3478
問3479
問3480
問3481
問3482
問3483
正解
問3484
問3485
問3486
問3487
問3488
問3489
問3490
問3491
問3492
問3493
問3494
問3495
問3496
問3497
問3498
問3499
問3500
問3501
問3502
問3503
問3504
問3505
問3506
問3507
問3508
問3509
問3510
問3511
問3512
正解
問3513
問3514
問3515
問3516
問3517
問3518
問3519
問3520
問3521
問3522
問3523
問3524
問3525
問3526
問3527
問3528
問3529
問3530
問3531
問3532
問3533
問3534
問3535
問3536
問3537
問3538
問3539
問3540
問3541
問3542
問3543
問3544
問3545
問3546
正解
問3547
問3548
正解
問3549
問3550
問3551
問3552
問3553
問3554
問3555
問3556
問3557
正解
問3558
問3559
問3560
問3561
問3562
問3563
問3564
問3565
問3566
問3567
問3568
問3569
問3570
問3571
問3572
問3573
問3574
問3575
正解
問3576
問3577
問3578
問3579
問3580
問3581
問3582
問3583
問3584
問3585
問3586
正解
問3587
問3588
問3589
問3590
問3591
問3592
問3593
問3594
問3595
問3596
問3597
問3598
問3599
問3600
問3601
問3602
問3603
問3604
問3605
問3606
問3607
問3608
問3609
問3610
問3611
正解
問3612
問3613
問3614
問3615
問3616
正解
問3617
問3618
問3619
問3620
問3621
問3622
問3623
問3624
問3625
問3626
問3627
問3628
問3629
正解
問3630
問3631
問3632
問3633
問3634
問3635
問3636
問3637
問3638
問3639
問3640
問3641
問3642
問3643
問3644
問3645
問3646
問3647
問3648
問3649
問3650
問3651
問3652
問3653
問3654
問3655
正解
問3656
問3657
問3658
問3659
問3660
正解
問3661
問3662
問3663
問3664
問3665
問3666
問3667
問3668
問3669
問3670
問3671
問3672
正解
問3673
問3674
問3675
問3676
正解
問3677
問3678
問3679
問3680
問3681
問3682
問3683
正解
問3684
正解
問3685
問3686
問3687
正解
問3688
問3689
問3690
問3691
問3692
問3693
問3694
問3695
問3696
問3697
正解
問3698
問3699
問3700
問3701
問3702
問3703
問3704
問3705
問3706
問3707
問3708
問3709
問3710
問3711
問3712
正解
問3713
問3714
問3715
問3716
問3717
問3718
問3719
問3720
問3721
問3722
問3723
正解
問3724
問3725
問3726
正解
問3727
問3728
問3729
問3730
問3731
問3732
問3733
問3734
問3735
問3736
問3737
問3738
問3739
問3740
問3741
正解
問3742
問3743
問3744
問3745
正解
問3746
問3747
問3748
問3749
問3750
問3751
問3752
問3753
問3754
正解
問3755
問3756
問3757
問3758
問3759
問3760
問3761
問3762
問3763
問3764
正解
問3765
問3766
問3767
問3768
問3769
問3770
問3771
問3772
問3773
問3774
問3775
問3776
問3777
正解
問3778
問3779
正解
問3780
問3781
問3782
問3783
問3784
問3785
問3786
問3787
問3788
問3789
問3790
問3791
問3792
問3793
問3794
問3795
問3796
問3797
問3798
問3799
問3800
問3801
正解
問3802
問3803
問3804
問3805
問3806
正解
問3807
問3808
問3809
問3810
問3811
問3812
問3813
問3814
問3815
正解
問3816
問3817
問3818
問3819
問3820
問3821
問3822
問3823
問3824
問3825
問3826
問3827
問3828
問3829
問3830
問3831
問3832
問3833
問3834
問3835
問3836
問3837
問3838
問3839
問3840
問3841
問3842
問3843
問3844
問3845
問3846
正解
問3847
問3848
正解
問3849
正解
問3850
問3851
問3852
問3853
問3854
問3855
問3856
問3857
問3858
問3859
問3860
問3861
問3862
問3863
問3864
問3865
問3866
問3867
問3868
正解
問3869
問3870
問3871
問3872
問3873
問3874
問3875
問3876
問3877
問3878
問3879
問3880
問3881
問3882
問3883
問3884
問3885
問3886
問3887
問3888
問3889
問3890
問3891
問3892
問3893
問3894
問3895
問3896
問3897
正解
問3898
問3899
問3900
問3901
問3902
問3903
問3904
問3905
問3906
問3907
正解
問3908
問3909
正解
問3910
問3911
問3912
問3913
問3914
問3915
問3916
問3917
問3918
問3919
問3920
問3921
問3922
問3923
正解
問3924
正解
問3925
問3926
問3927
問3928
問3929
問3930
問3931
正解
問3932
問3933
問3934
問3935
問3936
問3937
問3938
問3939
問3940
問3941
問3942
問3943
問3944
問3945
問3946
問3947
問3948
問3949
問3950
問3951
問3952
問3953
問3954
問3955
問3956
問3957
問3958
問3959
問3960
問3961
問3962
正解
問3963
問3964
問3965
問3966
問3967
問3968
問3969
問3970
正解
問3971
問3972
問3973
問3974
問3975
問3976
問3977
問3978
問3979
正解
問3980
問3981
問3982
問3983
正解
問3984
問3985
問3986
正解
問3987
問3988
問3989
問3990
問3991
正解
問3992
問3993
正解
問3994
問3995
問3996
問3997
問3998
問3999
問4000
問4001
問4002
問4003
正解
問4004
問4005
問4006
問4007
正解
問4008
問4009
問4010
問4011
問4012
正解
問4013
問4014
問4015
問4016
問4017
問4018
問4019
問4020
問4021
問4022
正解
問4023
問4024
問4025
問4026
問4027
問4028
正解
問4029
問4030
問4031
問4032
問4033
問4034
正解
問4035
問4036
問4037
正解
問4038
正解
問4039
問4040
問4041
問4042
正解
問4043
問4044
問4045
正解
問4046
問4047
問4048
問4049
問4050
問4051
問4052
問4053
問4054
問4055
問4056
問4057
問4058
問4059
問4060
正解
問4061
問4062
問4063
問4064
問4065
問4066
問4067
正解
問4068
問4069
問4070
問4071
問4072
正解
問4073
問4074
問4075
問4076
問4077
問4078
正解
問4079
問4080
問4081
問4082
問4083
問4084
正解
問4085
問4086
問4087
問4088
正解
問4089
問4090
問4091
問4092
問4093
正解
問4094
正解
問4095
問4096
問4097
問4098
問4099
問4100
問4101
問4102
問4103
問4104
問4105
問4106
問4107
問4108
問4109
問4110
問4111
問4112
問4113
問4114
問4115
問4116
正解
問4117
問4118
問4119
問4120
問4121
問4122
問4123
問4124
問4125
正解
問4126
問4127
問4128
問4129
問4130
問4131
問4132
問4133
問4134
問4135
正解
問4136
問4137
問4138
問4139
正解
問4140
正解
問4141
問4142
問4143
問4144
問4145
問4146
問4147
問4148
問4149
問4150
問4151
問4152
問4153
正解
問4154
問4155
問4156
問4157
正解
問4158
問4159
問4160
問4161
問4162
問4163
問4164
問4165
問4166
問4167
問4168
問4169
正解
問4170
問4171
問4172
問4173
問4174
問4175
問4176
問4177
問4178
問4179
問4180
問4181
問4182
問4183
問4184
問4185
正解
問4186
問4187
問4188
問4189
問4190
正解
問4191
問4192
問4193
問4194
問4195
問4196
問4197
問4198
問4199
問4200
正解
問4201
問4202
正解
問4203
問4204
問4205
問4206
問4207
問4208
問4209
問4210
問4211
問4212
問4213
問4214
問4215
問4216
問4217
問4218
問4219
問4220
問4221
問4222
問4223
問4224
問4225
問4226
問4227
正解
問4228
問4229
問4230
正解
問4231
正解
問4232
正解
問4233
問4234
問4235
問4236
問4237
問4238
問4239
問4240
問4241
問4242
問4243
問4244
問4245
問4246
問4247
正解
問4248
問4249
問4250
問4251
問4252
問4253
問4254
問4255
問4256
問4257
問4258
問4259
問4260
問4261
問4262
問4263
問4264
問4265
問4266
問4267
問4268
問4269
問4270
問4271
問4272
問4273
問4274
問4275
問4276
問4277
問4278
問4279
問4280
問4281
問4282
問4283
問4284
問4285
問4286
問4287
問4288
問4289
問4290
問4291
問4292
問4293
問4294
問4295
正解
問4296
問4297
問4298
問4299
問4300
問4301
問4302
問4303
問4304
正解
問4305
問4306
問4307
問4308
問4309
問4310
問4311
問4312
問4313
問4314
問4315
問4316
問4317
問4318
問4319
問4320
正解
問4321
問4322
問4323
問4324
問4325
問4326
問4327
問4328
問4329
問4330
問4331
問4332
正解
問4333
問4334
正解
問4335
問4336
問4337
問4338
問4339
問4340
問4341
問4342
問4343
問4344
問4345
問4346
問4347
問4348
問4349
問4350
問4351
正解
問4352
問4353
問4354
問4355
問4356
問4357
問4358
問4359
問4360
問4361
問4362
問4363
問4364
問4365
正解
問4366
問4367
問4368
問4369
問4370
問4371
問4372
問4373
問4374
問4375
問4376
問4377
問4378
問4379
問4380
問4381
問4382
問4383
問4384
問4385
問4386
問4387
問4388
問4389
問4390
問4391
問4392
問4393
問4394
正解
問4395
問4396
問4397
正解
問4398
問4399
問4400
問4401
問4402
問4403
問4404
問4405
問4406
問4407
問4408
問4409
問4410
問4411
問4412
問4413
問4414
問4415
問4416
問4417
問4418
問4419
問4420
問4421
問4422
問4423
問4424
問4425
問4426
問4427
問4428
問4429
問4430
問4431
問4432
問4433
問4434
問4435
問4436
問4437
問4438
問4439
問4440
問4441
問4442
問4443
問4444
問4445
問4446
問4447
問4448
問4449
問4450
問4451
問4452
問4453
問4454
問4455
問4456
正解
問4457
問4458
問4459
問4460
問4461
問4462
問4463
問4464
問4465
問4466
問4467
問4468
問4469
正解
問4470
問4471
問4472
問4473
問4474
問4475
問4476
問4477
問4478
問4479
問4480
問4481
問4482
問4483
問4484
正解
問4485
問4486
正解
問4487
問4488
問4489
問4490
問4491
問4492
問4493
正解
問4494
問4495
問4496
問4497
問4498
正解
問4499
問4500
問4501
問4502
問4503
問4504
問4505
問4506
正解
問4507
問4508
問4509
問4510
問4511
問4512
正解
問4513
問4514
問4515
問4516
問4517
正解
問4518
正解
問4519
問4520
問4521
問4522
問4523
問4524
正解
問4525
問4526
問4527
問4528
問4529
問4530
問4531
問4532
問4533
問4534
問4535
問4536
問4537
問4538
問4539
問4540
問4541
問4542
問4543
問4544
問4545
問4546
問4547
問4548
問4549
問4550
問4551
問4552
問4553
問4554
問4555
問4556
問4557
問4558
問4559
問4560
問4561
問4562
問4563
問4564
問4565
問4566
問4567
問4568
問4569
問4570
問4571
問4572
問4573
問4574
正解
問4575
問4576
問4577
問4578
問4579
問4580
問4581
問4582
問4583
問4584
問4585
問4586
問4587
問4588
問4589
問4590
正解
問4591
問4592
問4593
問4594
正解
問4595
問4596
問4597
問4598
問4599
問4600
問4601
問4602
問4603
問4604
問4605
問4606
問4607
問4608
正解
問4609
問4610
問4611
問4612
問4613
問4614
問4615
問4616
問4617
問4618
問4619
問4620
問4621
問4622
問4623
問4624
問4625
正解
問4626
問4627
問4628
問4629
問4630
正解
問4631
問4632
問4633
問4634
問4635
問4636
問4637
問4638
問4639
問4640
問4641
問4642
問4643
問4644
問4645
問4646
問4647
正解
問4648
問4649
問4650
問4651
正解
問4652
問4653
問4654
問4655
問4656
問4657
問4658
問4659
問4660
問4661
問4662
問4663
問4664
問4665
正解
問4666
問4667
問4668
問4669
問4670
正解
問4671
問4672
問4673
問4674
問4675
問4676
問4677
問4678
問4679
問4680
問4681
問4682
問4683
問4684
問4685
問4686
問4687
問4688
問4689
問4690
問4691
問4692
問4693
問4694
問4695
問4696
問4697
問4698
問4699
問4700
問4701
問4702
問4703
問4704
問4705
問4706
正解
問4707
問4708
問4709
問4710
問4711
問4712
問4713
問4714
問4715
問4716
正解
問4717
問4718
問4719
問4720
問4721
問4722
問4723
問4724
問4725
問4726
問4727
問4728
正解
問4729
問4730
問4731
問4732
問4733
問4734
問4735
問4736
問4737
問4738
問4739
問4740
正解
問4741
問4742
問4743
問4744
問4745
問4746
問4747
正解
問4748
問4749
問4750
問4751
問4752
問4753
問4754
問4755
問4756
問4757
問4758
問4759
問4760
正解
問4761
問4762
問4763
問4764
問4765
問4766
問4767
問4768
問4769
正解
問4770
問4771
問4772
問4773
問4774
問4775
問4776
問4777
問4778
問4779
問4780
問4781
問4782
問4783
問4784
問4785
問4786
問4787
問4788
問4789
問4790
問4791
問4792
問4793
問4794
問4795
問4796
問4797
問4798
問4799
問4800
問4801
問4802
問4803
問4804
問4805
問4806
問4807
問4808
問4809
問4810
問4811
問4812
問4813
問4814
問4815
問4816
正解
問4817
問4818
問4819
問4820
問4821
問4822
正解
問4823
問4824
問4825
問4826
問4827
正解
問4828
問4829
問4830
問4831
問4832
問4833
問4834
問4835
正解
問4836
問4837
問4838
問4839
正解
問4840
問4841
問4842
問4843
問4844
問4845
正解
問4846
問4847
問4848
問4849
問4850
問4851
問4852
問4853
問4854
問4855
問4856
正解
問4857
問4858
問4859
問4860
問4861
問4862
問4863
問4864
問4865
問4866
正解
問4867
問4868
問4869
問4870
問4871
問4872
問4873
問4874
問4875
問4876
問4877
問4878
問4879
問4880
問4881
正解
問4882
問4883
問4884
問4885
問4886
問4887
問4888
正解
問4889
問4890
問4891
問4892
問4893
問4894
問4895
問4896
問4897
問4898
問4899
問4900
問4901
問4902
問4903
問4904
問4905
正解
問4906
問4907
問4908
問4909
問4910
問4911
正解
問4912
問4913
問4914
問4915
問4916
正解
問4917
正解
問4918
問4919
問4920
問4921
問4922
問4923
問4924
問4925
正解
問4926
問4927
問4928
問4929
問4930
問4931
問4932
問4933
問4934
問4935
問4936
問4937
問4938
問4939
問4940
問4941
問4942
問4943
問4944
問4945
問4946
問4947
問4948
問4949
問4950
問4951
問4952
問4953
問4954
問4955
問4956
問4957
問4958
問4959
問4960
問4961
問4962
問4963
問4964
問4965
問4966
問4967
問4968
問4969
問4970
正解
問4971
問4972
問4973
問4974
問4975
問4976
問4977
問4978
問4979
問4980
問4981
問4982
正解
問4983
問4984
正解
問4985
問4986
問4987
問4988
問4989
問4990
問4991
問4992
問4993
問4994
問4995
問4996
問4997
正解
問4998
問4999
問5000
465:1:466